c:\users\rob\desktop\drawsthh\drawsth\x64\release\vc143.pdb
c:\users\rob\desktop\drawsthh\drawsth\x64\release\main.obj
c:\users\rob\desktop\drawsthh\drawsth\x64\release\imgui_widgets.obj
c:\users\rob\desktop\drawsthh\drawsth\x64\release\imgui_tables.obj
c:\users\rob\desktop\drawsthh\drawsth\x64\release\imgui_impl_win32.obj
c:\users\rob\desktop\drawsthh\drawsth\x64\release\imgui_impl_dx11.obj
c:\users\rob\desktop\drawsthh\drawsth\x64\release\imgui_draw.obj
c:\users\rob\desktop\drawsthh\drawsth\x64\release\imgui_demo.obj
c:\users\rob\desktop\drawsthh\drawsth\x64\release\menu.obj
c:\users\rob\desktop\drawsthh\drawsth\x64\release\imguisetup.obj
c:\users\rob\desktop\drawsthh\drawsth\x64\release\imguirender.obj
c:\users\rob\desktop\drawsthh\drawsth\x64\release\graphics.obj
c:\users\rob\desktop\drawsthh\drawsth\x64\release\imgui.obj
c:\users\rob\desktop\drawsthh\x64\release\drawsth.exe
c:\users\rob\desktop\drawsthh\x64\release\drawsth.pdb
c:\users\rob\desktop\drawsthh\drawsth\x64\release\drawsth.ipdb
c:\users\rob\desktop\drawsthh\drawsth\x64\release\drawsth.iobj
c:\users\rob\desktop\drawsthh\drawsth\x64\release\drawsth.tlog\cl.command.1.tlog
c:\users\rob\desktop\drawsthh\drawsth\x64\release\drawsth.tlog\cl.items.tlog
c:\users\rob\desktop\drawsthh\drawsth\x64\release\drawsth.tlog\cl.read.1.tlog
c:\users\rob\desktop\drawsthh\drawsth\x64\release\drawsth.tlog\cl.write.1.tlog
c:\users\rob\desktop\drawsthh\drawsth\x64\release\drawsth.tlog\link.command.1.tlog
c:\users\rob\desktop\drawsthh\drawsth\x64\release\drawsth.tlog\link.read.1.tlog
c:\users\rob\desktop\drawsthh\drawsth\x64\release\drawsth.tlog\link.secondary.1.tlog
c:\users\rob\desktop\drawsthh\drawsth\x64\release\drawsth.tlog\link.write.1.tlog
